# JRE version: OpenJDK Runtime Environment (8.0_212-b04) (build 1.8.0_212-release-1586-b04)
# Java VM: OpenJDK 64-Bit Server VM (25.212-b04 mixed mode windows-amd64 compressed oops)
Heap:
 PSYoungGen      total 452096K, used 46313K [0x00000000e0000000, 0x00000000ffc00000, 0x0000000100000000)
  eden space 382976K, 9% used [0x00000000e0000000,0x00000000e23a5ea0,0x00000000f7600000)
  from space 69120K, 14% used [0x00000000fb880000,0x00000000fc214658,0x00000000ffc00000)
  to   space 68096K, 0% used [0x00000000f7600000,0x00000000f7600000,0x00000000fb880000)
 ParOldGen       total 314368K, used 185861K [0x00000000a0000000, 0x00000000b3300000, 0x00000000e0000000)
  object space 314368K, 59% used [0x00000000a0000000,0x00000000ab581418,0x00000000b3300000)
 Metaspace       used 179900K, capacity 190002K, committed 190168K, reserved 1214464K
  class space    used 22519K, capacity 24493K, committed 24536K, reserved 1048576K
GC Heap History (10 events):
Event: 1933.326 GC heap before
{Heap before GC invocations=76 (full 6):
 PSYoungGen      total 413696K, used 413635K [0x00000000e0000000, 0x00000000ffe80000, 0x0000000100000000)
  eden space 371712K, 100% used [0x00000000e0000000,0x00000000f6b00000,0x00000000f6b00000)
  from space 41984K, 99% used [0x00000000f6b00000,0x00000000f93f0da0,0x00000000f9400000)
  to   space 75264K, 0% used [0x00000000fb500000,0x00000000fb500000,0x00000000ffe80000)
 ParOldGen       total 314368K, used 149701K [0x00000000a0000000, 0x00000000b3300000, 0x00000000e0000000)
  object space 314368K, 47% used [0x00000000a0000000,0x00000000a9231760,0x00000000b3300000)
 Metaspace       used 179835K, capacity 189934K, committed 190168K, reserved 1214464K
  class space    used 22518K, capacity 24493K, committed 24536K, reserved 1048576K
Event: 1933.424 GC heap after
Heap after GC invocations=76 (full 6):
 PSYoungGen      total 450048K, used 25216K [0x00000000e0000000, 0x0000000100000000, 0x0000000100000000)
  eden space 374784K, 0% used [0x00000000e0000000,0x00000000e0000000,0x00000000f6e00000)
  from space 75264K, 33% used [0x00000000fb500000,0x00000000fcda0330,0x00000000ffe80000)
  to   space 72704K, 0% used [0x00000000f6e00000,0x00000000f6e00000,0x00000000fb500000)
 ParOldGen       total 314368K, used 165361K [0x00000000a0000000, 0x00000000b3300000, 0x00000000e0000000)
  object space 314368K, 52% used [0x00000000a0000000,0x00000000aa17c7e0,0x00000000b3300000)
 Metaspace       used 179835K, capacity 189934K, committed 190168K, reserved 1214464K
  class space    used 22518K, capacity 24493K, committed 24536K, reserved 1048576K
}
Event: 1936.274 GC heap before
{Heap before GC invocations=77 (full 6):
 PSYoungGen      total 450048K, used 400000K [0x00000000e0000000, 0x0000000100000000, 0x0000000100000000)
  eden space 374784K, 100% used [0x00000000e0000000,0x00000000f6e00000,0x00000000f6e00000)
  from space 75264K, 33% used [0x00000000fb500000,0x00000000fcda0330,0x00000000ffe80000)
  to   space 72704K, 0% used [0x00000000f6e00000,0x00000000f6e00000,0x00000000fb500000)
 ParOldGen       total 314368K, used 165361K [0x00000000a0000000, 0x00000000b3300000, 0x00000000e0000000)
  object space 314368K, 52% used [0x00000000a0000000,0x00000000aa17c7e0,0x00000000b3300000)
 Metaspace       used 179856K, capacity 190002K, committed 190168K, reserved 1214464K
  class space    used 22518K, capacity 24493K, committed 24536K, reserved 1048576K
Event: 1936.318 GC heap after
Heap after GC invocations=77 (full 6):
 PSYoungGen      total 447488K, used 8120K [0x00000000e0000000, 0x00000000ffe80000, 0x0000000100000000)
  eden space 374784K, 0% used [0x00000000e0000000,0x00000000e0000000,0x00000000f6e00000)
  from space 72704K, 11% used [0x00000000f6e00000,0x00000000f75ee060,0x00000000fb500000)
  to   space 73216K, 0% used [0x00000000fb700000,0x00000000fb700000,0x00000000ffe80000)
 ParOldGen       total 314368K, used 184306K [0x00000000a0000000, 0x00000000b3300000, 0x00000000e0000000)
  object space 314368K, 58% used [0x00000000a0000000,0x00000000ab3fcb40,0x00000000b3300000)
 Metaspace       used 179856K, capacity 190002K, committed 190168K, reserved 1214464K
  class space    used 22518K, capacity 24493K, committed 24536K, reserved 1048576K
}
Event: 1937.527 GC heap before
{Heap before GC invocations=78 (full 6):
 PSYoungGen      total 447488K, used 382904K [0x00000000e0000000, 0x00000000ffe80000, 0x0000000100000000)
  eden space 374784K, 100% used [0x00000000e0000000,0x00000000f6e00000,0x00000000f6e00000)
  from space 72704K, 11% used [0x00000000f6e00000,0x00000000f75ee060,0x00000000fb500000)
  to   space 73216K, 0% used [0x00000000fb700000,0x00000000fb700000,0x00000000ffe80000)
 ParOldGen       total 314368K, used 184306K [0x00000000a0000000, 0x00000000b3300000, 0x00000000e0000000)
  object space 314368K, 58% used [0x00000000a0000000,0x00000000ab3fcb40,0x00000000b3300000)
 Metaspace       used 179867K, capacity 190002K, committed 190168K, reserved 1214464K
  class space    used 22518K, capacity 24493K, committed 24536K, reserved 1048576K
Event: 1937.598 GC heap after
Heap after GC invocations=78 (full 6):
 PSYoungGen      total 449536K, used 21039K [0x00000000e0000000, 0x00000000ffc80000, 0x0000000100000000)
  eden space 378368K, 0% used [0x00000000e0000000,0x00000000e0000000,0x00000000f7180000)
  from space 71168K, 29% used [0x00000000fb700000,0x00000000fcb8be48,0x00000000ffc80000)
  to   space 71168K, 0% used [0x00000000f7180000,0x00000000f7180000,0x00000000fb700000)
 ParOldGen       total 314368K, used 185733K [0x00000000a0000000, 0x00000000b3300000, 0x00000000e0000000)
  object space 314368K, 59% used [0x00000000a0000000,0x00000000ab561418,0x00000000b3300000)
 Metaspace       used 179867K, capacity 190002K, committed 190168K, reserved 1214464K
  class space    used 22518K, capacity 24493K, committed 24536K, reserved 1048576K
}
Event: 1939.340 GC heap before
{Heap before GC invocations=79 (full 6):
 PSYoungGen      total 449536K, used 399407K [0x00000000e0000000, 0x00000000ffc80000, 0x0000000100000000)
  eden space 378368K, 100% used [0x00000000e0000000,0x00000000f7180000,0x00000000f7180000)
  from space 71168K, 29% used [0x00000000fb700000,0x00000000fcb8be48,0x00000000ffc80000)
  to   space 71168K, 0% used [0x00000000f7180000,0x00000000f7180000,0x00000000fb700000)
 ParOldGen       total 314368K, used 185733K [0x00000000a0000000, 0x00000000b3300000, 0x00000000e0000000)
  object space 314368K, 59% used [0x00000000a0000000,0x00000000ab561418,0x00000000b3300000)
 Metaspace       used 179880K, capacity 190002K, committed 190168K, reserved 1214464K
  class space    used 22519K, capacity 24493K, committed 24536K, reserved 1048576K
Event: 1939.401 GC heap after
Heap after GC invocations=79 (full 6):
 PSYoungGen      total 449536K, used 19915K [0x00000000e0000000, 0x00000000ffc00000, 0x0000000100000000)
  eden space 378368K, 0% used [0x00000000e0000000,0x00000000e0000000,0x00000000f7180000)
  from space 71168K, 27% used [0x00000000f7180000,0x00000000f84f2ef8,0x00000000fb700000)
  to   space 69120K, 0% used [0x00000000fb880000,0x00000000fb880000,0x00000000ffc00000)
 ParOldGen       total 314368K, used 185781K [0x00000000a0000000, 0x00000000b3300000, 0x00000000e0000000)
  object space 314368K, 59% used [0x00000000a0000000,0x00000000ab56d418,0x00000000b3300000)
 Metaspace       used 179880K, capacity 190002K, committed 190168K, reserved 1214464K
  class space    used 22519K, capacity 24493K, committed 24536K, reserved 1048576K
}
Event: 1942.867 GC heap before
{Heap before GC invocations=80 (full 6):
 PSYoungGen      total 449536K, used 398283K [0x00000000e0000000, 0x00000000ffc00000, 0x0000000100000000)
  eden space 378368K, 100% used [0x00000000e0000000,0x00000000f7180000,0x00000000f7180000)
  from space 71168K, 27% used [0x00000000f7180000,0x00000000f84f2ef8,0x00000000fb700000)
  to   space 69120K, 0% used [0x00000000fb880000,0x00000000fb880000,0x00000000ffc00000)
 ParOldGen       total 314368K, used 185781K [0x00000000a0000000, 0x00000000b3300000, 0x00000000e0000000)
  object space 314368K, 59% used [0x00000000a0000000,0x00000000ab56d418,0x00000000b3300000)
 Metaspace       used 179897K, capacity 190002K, committed 190168K, reserved 1214464K
  class space    used 22519K, capacity 24493K, committed 24536K, reserved 1048576K
Event: 1942.899 GC heap after
Heap after GC invocations=80 (full 6):
 PSYoungGen      total 452096K, used 9809K [0x00000000e0000000, 0x00000000ffc00000, 0x0000000100000000)
  eden space 382976K, 0% used [0x00000000e0000000,0x00000000e0000000,0x00000000f7600000)
  from space 69120K, 14% used [0x00000000fb880000,0x00000000fc214658,0x00000000ffc00000)
  to   space 68096K, 0% used [0x00000000f7600000,0x00000000f7600000,0x00000000fb880000)
 ParOldGen       total 314368K, used 185861K [0x00000000a0000000, 0x00000000b3300000, 0x00000000e0000000)
  object space 314368K, 59% used [0x00000000a0000000,0x00000000ab581418,0x00000000b3300000)
 Metaspace       used 179897K, capacity 190002K, committed 190168K, reserved 1214464K
  class space    used 22519K, capacity 24493K, committed 24536K, reserved 1048576K
}

